生成启动时间为 2015/9/10 16:51:10。
     1>项目“F:\tzpRepository\opengl\oglpg-8th-edition\06\ch06_cube_map\ch06_cube_map.vcxproj”在节点 2 上(build 个目标)。
     1>InitializeBuildStatus:
         正在创建“Debug\ch06_cube_map.unsuccessfulbuild”，因为已指定“AlwaysCreate”。
       ClCompile:
         所有输出均为最新。
         D:\VS2010\VC\bin\CL.exe /c /I..\..\include /ZI /nologo /W3 /WX- /Od /Oy- /D WIN32 /D _DEBUG /D _CONSOLE /D _UNICODE /D UNICODE /Gm /EHsc /RTC1 /MDd /GS /fp:precise /Zc:wchar_t /Zc:forScope /Fo"Debug\\" /Fd"Debug\vc100.pdb" /Gd /TP /analyze- /errorReport:prompt ch06_cube_map.cpp
         ch06_cube_map.cpp
       Link:
         D:\VS2010\VC\bin\link.exe /ERRORREPORT:PROMPT /OUT:"F:\tzpRepository\opengl\oglpg-8th-edition\06\Debug\ch06_cube_map.exe" /INCREMENTAL /NOLOGO /LIBPATH:..\..\lib qtmaind.lib QtCore4.lib QtGui4.lib opencv_calib3d249.lib opencv_contrib249.lib opencv_core249.lib opencv_features2d249.lib opencv_flann249.lib opencv_gpu249.lib opencv_highgui249.lib opencv_imgproc249.lib opencv_legacy249.lib opencv_ml249.lib opencv_objdetect249.lib opencv_ts249.lib opencv_video249.lib kernel32.lib user32.lib gdi32.lib winspool.lib comdlg32.lib advapi32.lib shell32.lib ole32.lib oleaut32.lib uuid.lib odbc32.lib odbccp32.lib /NODEFAULTLIB:libcmtd /MANIFEST /ManifestFile:"Debug\ch06_cube_map.exe.intermediate.manifest" /MANIFESTUAC:"level='asInvoker' uiAccess='false'" /DEBUG /PDB:"F:\tzpRepository\opengl\oglpg-8th-edition\06\Debug\ch06_cube_map.pdb" /SUBSYSTEM:CONSOLE /TLBID:1 /DYNAMICBASE /NXCOMPAT /IMPLIB:"F:\tzpRepository\opengl\oglpg-8th-edition\06\Debug\ch06_cube_map.lib" /MACHINE:X86 Debug\gl3w.obj
         Debug\vbm.obj
         Debug\ch06_cube_map.obj
     1>vermilion32_d.lib(loadtexture.obj) : warning LNK4049: 已导入本地定义的符号 ___glewTexSubImage3D
     1>vermilion32_d.lib(loadtexture.obj) : warning LNK4049: 已导入本地定义的符号 ___glewTexStorage3D
     1>vermilion32_d.lib(loadtexture.obj) : warning LNK4049: 已导入本地定义的符号 ___glewTexStorage2D
     1>vermilion32_d.lib(loadtexture.obj) : warning LNK4049: 已导入本地定义的符号 ___glewTexStorage1D
     1>glew_static_vs2010_d.lib(glew.obj) : warning LNK4099: 未找到 PDB“vc100.pdb”(使用“glew_static_vs2010_d.lib(glew.obj)”或在“F:\tzpRepository\opengl\oglpg-8th-edition\06\Debug\vc100.pdb”中寻找)；正在链接对象，如同没有调试信息一样
     1>freeglut_static_vs2010_d.lib(freeglut_callbacks.obj) : warning LNK4099: 未找到 PDB“vc100.pdb”(使用“freeglut_static_vs2010_d.lib(freeglut_callbacks.obj)”或在“F:\tzpRepository\opengl\oglpg-8th-edition\06\Debug\vc100.pdb”中寻找)；正在链接对象，如同没有调试信息一样
     1>freeglut_static_vs2010_d.lib(freeglut_cursor.obj) : warning LNK4099: 未找到 PDB“vc100.pdb”(使用“freeglut_static_vs2010_d.lib(freeglut_cursor.obj)”或在“F:\tzpRepository\opengl\oglpg-8th-edition\06\Debug\vc100.pdb”中寻找)；正在链接对象，如同没有调试信息一样
     1>freeglut_static_vs2010_d.lib(freeglut_display.obj) : warning LNK4099: 未找到 PDB“vc100.pdb”(使用“freeglut_static_vs2010_d.lib(freeglut_display.obj)”或在“F:\tzpRepository\opengl\oglpg-8th-edition\06\Debug\vc100.pdb”中寻找)；正在链接对象，如同没有调试信息一样
     1>freeglut_static_vs2010_d.lib(freeglut_font.obj) : warning LNK4099: 未找到 PDB“vc100.pdb”(使用“freeglut_static_vs2010_d.lib(freeglut_font.obj)”或在“F:\tzpRepository\opengl\oglpg-8th-edition\06\Debug\vc100.pdb”中寻找)；正在链接对象，如同没有调试信息一样
     1>freeglut_static_vs2010_d.lib(freeglut_font_data.obj) : warning LNK4099: 未找到 PDB“vc100.pdb”(使用“freeglut_static_vs2010_d.lib(freeglut_font_data.obj)”或在“F:\tzpRepository\opengl\oglpg-8th-edition\06\Debug\vc100.pdb”中寻找)；正在链接对象，如同没有调试信息一样
     1>freeglut_static_vs2010_d.lib(freeglut_init.obj) : warning LNK4099: 未找到 PDB“vc100.pdb”(使用“freeglut_static_vs2010_d.lib(freeglut_init.obj)”或在“F:\tzpRepository\opengl\oglpg-8th-edition\06\Debug\vc100.pdb”中寻找)；正在链接对象，如同没有调试信息一样
     1>freeglut_static_vs2010_d.lib(freeglut_input_devices.obj) : warning LNK4099: 未找到 PDB“vc100.pdb”(使用“freeglut_static_vs2010_d.lib(freeglut_input_devices.obj)”或在“F:\tzpRepository\opengl\oglpg-8th-edition\06\Debug\vc100.pdb”中寻找)；正在链接对象，如同没有调试信息一样
     1>freeglut_static_vs2010_d.lib(freeglut_joystick.obj) : warning LNK4099: 未找到 PDB“vc100.pdb”(使用“freeglut_static_vs2010_d.lib(freeglut_joystick.obj)”或在“F:\tzpRepository\opengl\oglpg-8th-edition\06\Debug\vc100.pdb”中寻找)；正在链接对象，如同没有调试信息一样
     1>freeglut_static_vs2010_d.lib(freeglut_main.obj) : warning LNK4099: 未找到 PDB“vc100.pdb”(使用“freeglut_static_vs2010_d.lib(freeglut_main.obj)”或在“F:\tzpRepository\opengl\oglpg-8th-edition\06\Debug\vc100.pdb”中寻找)；正在链接对象，如同没有调试信息一样
     1>freeglut_static_vs2010_d.lib(freeglut_menu.obj) : warning LNK4099: 未找到 PDB“vc100.pdb”(使用“freeglut_static_vs2010_d.lib(freeglut_menu.obj)”或在“F:\tzpRepository\opengl\oglpg-8th-edition\06\Debug\vc100.pdb”中寻找)；正在链接对象，如同没有调试信息一样
     1>freeglut_static_vs2010_d.lib(freeglut_spaceball.obj) : warning LNK4099: 未找到 PDB“vc100.pdb”(使用“freeglut_static_vs2010_d.lib(freeglut_spaceball.obj)”或在“F:\tzpRepository\opengl\oglpg-8th-edition\06\Debug\vc100.pdb”中寻找)；正在链接对象，如同没有调试信息一样
     1>freeglut_static_vs2010_d.lib(freeglut_state.obj) : warning LNK4099: 未找到 PDB“vc100.pdb”(使用“freeglut_static_vs2010_d.lib(freeglut_state.obj)”或在“F:\tzpRepository\opengl\oglpg-8th-edition\06\Debug\vc100.pdb”中寻找)；正在链接对象，如同没有调试信息一样
     1>freeglut_static_vs2010_d.lib(freeglut_stroke_mono_roman.obj) : warning LNK4099: 未找到 PDB“vc100.pdb”(使用“freeglut_static_vs2010_d.lib(freeglut_stroke_mono_roman.obj)”或在“F:\tzpRepository\opengl\oglpg-8th-edition\06\Debug\vc100.pdb”中寻找)；正在链接对象，如同没有调试信息一样
     1>freeglut_static_vs2010_d.lib(freeglut_stroke_roman.obj) : warning LNK4099: 未找到 PDB“vc100.pdb”(使用“freeglut_static_vs2010_d.lib(freeglut_stroke_roman.obj)”或在“F:\tzpRepository\opengl\oglpg-8th-edition\06\Debug\vc100.pdb”中寻找)；正在链接对象，如同没有调试信息一样
     1>freeglut_static_vs2010_d.lib(freeglut_structure.obj) : warning LNK4099: 未找到 PDB“vc100.pdb”(使用“freeglut_static_vs2010_d.lib(freeglut_structure.obj)”或在“F:\tzpRepository\opengl\oglpg-8th-edition\06\Debug\vc100.pdb”中寻找)；正在链接对象，如同没有调试信息一样
     1>freeglut_static_vs2010_d.lib(freeglut_window.obj) : warning LNK4099: 未找到 PDB“vc100.pdb”(使用“freeglut_static_vs2010_d.lib(freeglut_window.obj)”或在“F:\tzpRepository\opengl\oglpg-8th-edition\06\Debug\vc100.pdb”中寻找)；正在链接对象，如同没有调试信息一样
     1>vermilion32_d.lib(loadtexture.obj) : warning LNK4099: 未找到 PDB“vc100.pdb”(使用“vermilion32_d.lib(loadtexture.obj)”或在“F:\tzpRepository\opengl\oglpg-8th-edition\06\Debug\vc100.pdb”中寻找)；正在链接对象，如同没有调试信息一样
     1>vermilion32_d.lib(vdds.obj) : warning LNK4099: 未找到 PDB“vc100.pdb”(使用“vermilion32_d.lib(vdds.obj)”或在“F:\tzpRepository\opengl\oglpg-8th-edition\06\Debug\vc100.pdb”中寻找)；正在链接对象，如同没有调试信息一样
         ch06_cube_map.vcxproj -> F:\tzpRepository\opengl\oglpg-8th-edition\06\Debug\ch06_cube_map.exe
       Manifest:
         C:\Program Files (x86)\Microsoft SDKs\Windows\v7.0A\bin\mt.exe /nologo /verbose /out:"F:\tzpRepository\opengl\oglpg-8th-edition\06\Debug\ch06_cube_map.exe.manifest" /manifest Debug\ch06_cube_map.exe.intermediate.manifest
       FinalizeBuildStatus:
         正在删除文件“Debug\ch06_cube_map.unsuccessfulbuild”。
         正在对“Debug\ch06_cube_map.lastbuildstate”执行 Touch 任务。
     1>已完成生成项目“F:\tzpRepository\opengl\oglpg-8th-edition\06\ch06_cube_map\ch06_cube_map.vcxproj”(build 个目标)的操作。

生成成功。

已用时间 00:00:00.65
