生成启动时间为 2015/9/9 13:17:16。
     1>项目“F:\tzpRepository\opengl\oglpg-8th-edition\06\ch06_load_texture\ch06_load_texture.vcxproj”在节点 2 上(build 个目标)。
     1>PrepareForBuild:
         正在创建目录“F:\tzpRepository\opengl\oglpg-8th-edition\06\Release\”。
       InitializeBuildStatus:
         正在创建“Release\ch06_load_texture.unsuccessfulbuild”，因为已指定“AlwaysCreate”。
       ClCompile:
         D:\VS2010\VC\bin\CL.exe /c /ID:\OpenCV\opencv2.4.4\build\include /ID:\OpenCV\opencv2.4.4\build\include\opencv /ID:\OpenCV\opencv2.4.4\build\include\opencv2 /Zi /nologo /W3 /WX- /O2 /Oi /Oy- /GL /D WIN32 /D NDEBUG /D _CONSOLE /D _UNICODE /D UNICODE /Gm- /EHsc /MD /GS /Gy /fp:precise /Zc:wchar_t /Zc:forScope /Fo"Release\\" /Fd"Release\vc100.pdb" /Gd /TC /analyze- /errorReport:prompt ..\..\lib\gl3w.c
         gl3w.c
         D:\VS2010\VC\bin\CL.exe /c /ID:\OpenCV\opencv2.4.4\build\include /ID:\OpenCV\opencv2.4.4\build\include\opencv /ID:\OpenCV\opencv2.4.4\build\include\opencv2 /Zi /nologo /W3 /WX- /O2 /Oi /Oy- /GL /D WIN32 /D NDEBUG /D _CONSOLE /D _UNICODE /D UNICODE /Gm- /EHsc /MD /GS /Gy /fp:precise /Zc:wchar_t /Zc:forScope /Fo"Release\\" /Fd"Release\vc100.pdb" /Gd /TP /analyze- /errorReport:prompt ch06_load_texture.cpp
         ch06_load_texture.cpp
       Link:
         D:\VS2010\VC\bin\link.exe /ERRORREPORT:PROMPT /OUT:"F:\tzpRepository\opengl\oglpg-8th-edition\06\Release\ch06_load_texture.exe" /INCREMENTAL:NO /NOLOGO qtmaind.lib QtCore4.lib QtGui4.lib opencv_calib3d249.lib opencv_contrib249.lib opencv_core249.lib opencv_features2d249.lib opencv_flann249.lib opencv_gpu249.lib opencv_highgui249.lib opencv_imgproc249.lib opencv_legacy249.lib opencv_ml249.lib opencv_objdetect249.lib opencv_ts249.lib opencv_video249.lib kernel32.lib user32.lib gdi32.lib winspool.lib comdlg32.lib advapi32.lib shell32.lib ole32.lib oleaut32.lib uuid.lib odbc32.lib odbccp32.lib /MANIFEST /ManifestFile:"Release\ch06_load_texture.exe.intermediate.manifest" /MANIFESTUAC:"level='asInvoker' uiAccess='false'" /DEBUG /PDB:"F:\tzpRepository\opengl\oglpg-8th-edition\06\Release\ch06_load_texture.pdb" /SUBSYSTEM:CONSOLE /OPT:REF /OPT:ICF /LTCG /TLBID:1 /DYNAMICBASE /NXCOMPAT /IMPLIB:"F:\tzpRepository\opengl\oglpg-8th-edition\06\Release\ch06_load_texture.lib" /MACHINE:X86 Release\gl3w.obj
         Release\ch06_load_texture.obj
     1>libcmt.lib(invarg.obj) : error LNK2005: __invoke_watson 已经在 MSVCRT.lib(MSVCR100.dll) 中定义
     1>libcmt.lib(crt0dat.obj) : error LNK2005: __initterm_e 已经在 MSVCRT.lib(MSVCR100.dll) 中定义
     1>libcmt.lib(crt0dat.obj) : error LNK2005: _exit 已经在 MSVCRT.lib(MSVCR100.dll) 中定义
     1>libcmt.lib(crt0dat.obj) : error LNK2005: __exit 已经在 MSVCRT.lib(MSVCR100.dll) 中定义
     1>libcmt.lib(crt0dat.obj) : error LNK2005: __cexit 已经在 MSVCRT.lib(MSVCR100.dll) 中定义
     1>libcmt.lib(crt0dat.obj) : error LNK2005: __amsg_exit 已经在 MSVCRT.lib(MSVCR100.dll) 中定义
     1>libcmt.lib(hooks.obj) : error LNK2005: "void __cdecl terminate(void)" (?terminate@@YAXXZ) 已经在 MSVCRT.lib(MSVCR100.dll) 中定义
     1>libcmt.lib(crt0init.obj) : error LNK2005: ___xi_a 已经在 MSVCRT.lib(cinitexe.obj) 中定义
     1>libcmt.lib(crt0init.obj) : error LNK2005: ___xi_z 已经在 MSVCRT.lib(cinitexe.obj) 中定义
     1>libcmt.lib(crt0init.obj) : error LNK2005: ___xc_a 已经在 MSVCRT.lib(cinitexe.obj) 中定义
     1>libcmt.lib(crt0init.obj) : error LNK2005: ___xc_z 已经在 MSVCRT.lib(cinitexe.obj) 中定义
     1>libcmt.lib(crt0.obj) : error LNK2005: _mainCRTStartup 已经在 MSVCRT.lib(crtexe.obj) 中定义
     1>libcmt.lib(errmode.obj) : error LNK2005: ___set_app_type 已经在 MSVCRT.lib(MSVCR100.dll) 中定义
     1>libcmt.lib(mlock.obj) : error LNK2005: __unlock 已经在 MSVCRT.lib(MSVCR100.dll) 中定义
     1>libcmt.lib(mlock.obj) : error LNK2005: __lock 已经在 MSVCRT.lib(MSVCR100.dll) 中定义
     1>libcmt.lib(winxfltr.obj) : error LNK2005: __XcptFilter 已经在 MSVCRT.lib(MSVCR100.dll) 中定义
     1>libcmt.lib(setlocal.obj) : error LNK2005: __configthreadlocale 已经在 MSVCRT.lib(MSVCR100.dll) 中定义
     1>MSVCRT.lib(MSVCR100.dll) : error LNK2005: _fclose 已经在 libcmt.lib(fclose.obj) 中定义
     1>LINK : warning LNK4098: 默认库“MSVCRT”与其他库的使用冲突；请使用 /NODEFAULTLIB:library
     1>MSVCRT.lib(cinitexe.obj) : warning LNK4098: 默认库“libcmt.lib”与其他库的使用冲突；请使用 /NODEFAULTLIB:library
     1>vermilion32.lib(loadtexture.obj) : error LNK2001: 无法解析的外部符号 __imp____glewTexStorage2D
     1>vermilion32.lib(loadtexture.obj) : error LNK2001: 无法解析的外部符号 __imp____glewTexStorage1D
     1>vermilion32.lib(loadtexture.obj) : error LNK2001: 无法解析的外部符号 __imp____glewTexSubImage3D
     1>vermilion32.lib(loadtexture.obj) : error LNK2001: 无法解析的外部符号 __imp____glewTexStorage3D
     1>F:\tzpRepository\opengl\oglpg-8th-edition\06\Release\ch06_load_texture.exe : fatal error LNK1120: 4 个无法解析的外部命令
     1>已完成生成项目“F:\tzpRepository\opengl\oglpg-8th-edition\06\ch06_load_texture\ch06_load_texture.vcxproj”(build 个目标)的操作 - 失败。

生成失败。

已用时间 00:00:00.56
