生成启动时间为 2015/9/2 16:18:34。
     1>项目“F:\tzpRepository\opengl\oglpg-8th-edition\03\ch03_pointsprites\ch03_pointsprites.vcxproj”在节点 2 上(build 个目标)。
     1>InitializeBuildStatus:
         正在创建“Debug\ch03_pointsprites.unsuccessfulbuild”，因为已指定“AlwaysCreate”。
       ClCompile:
         D:\VS2010\VC\bin\CL.exe /c /ID:\OpenCV\opencv2.4.4\build\include /ID:\OpenCV\opencv2.4.4\build\include\opencv /ID:\OpenCV\opencv2.4.4\build\include\opencv2 /ZI /nologo /W3 /WX- /Od /Oy- /D WIN32 /D _DEBUG /D _CONSOLE /D _UNICODE /D UNICODE /Gm /EHsc /RTC1 /MTd /GS /fp:precise /Zc:wchar_t /Zc:forScope /Fo"Debug\\" /Fd"Debug\vc100.pdb" /Gd /TP /analyze- /errorReport:prompt ch03_pointsprites.cpp
         ch03_pointsprites.cpp
       Link:
         D:\VS2010\VC\bin\link.exe /ERRORREPORT:PROMPT /OUT:"F:\tzpRepository\opengl\oglpg-8th-edition\03\Debug\ch03_pointsprites.exe" /INCREMENTAL /NOLOGO qtmaind.lib QtCore4.lib QtGui4.lib opencv_calib3d249.lib opencv_contrib249.lib opencv_core249.lib opencv_features2d249.lib opencv_flann249.lib opencv_gpu249.lib opencv_highgui249.lib opencv_imgproc249.lib opencv_legacy249.lib opencv_ml249.lib opencv_objdetect249.lib opencv_ts249.lib opencv_video249.lib kernel32.lib user32.lib gdi32.lib winspool.lib comdlg32.lib advapi32.lib shell32.lib ole32.lib oleaut32.lib uuid.lib odbc32.lib odbccp32.lib /NODEFAULTLIB:msvcrtd.lib /MANIFEST /ManifestFile:"Debug\ch03_pointsprites.exe.intermediate.manifest" /MANIFESTUAC:"level='asInvoker' uiAccess='false'" /DEBUG /PDB:"F:\tzpRepository\opengl\oglpg-8th-edition\03\Debug\ch03_pointsprites.pdb" /SUBSYSTEM:CONSOLE /TLBID:1 /DYNAMICBASE /NXCOMPAT /IMPLIB:"F:\tzpRepository\opengl\oglpg-8th-edition\03\Debug\ch03_pointsprites.lib" /MACHINE:X86 Debug\LoadShaders.obj
         Debug\targa.obj
         Debug\ch03_pointsprites.obj
         ch03_pointsprites.vcxproj -> F:\tzpRepository\opengl\oglpg-8th-edition\03\Debug\ch03_pointsprites.exe
       Manifest:
         C:\Program Files (x86)\Microsoft SDKs\Windows\v7.0A\bin\mt.exe /nologo /verbose /out:"F:\tzpRepository\opengl\oglpg-8th-edition\03\Debug\ch03_pointsprites.exe.manifest" /manifest Debug\ch03_pointsprites.exe.intermediate.manifest
       FinalizeBuildStatus:
         正在删除文件“Debug\ch03_pointsprites.unsuccessfulbuild”。
         正在对“Debug\ch03_pointsprites.lastbuildstate”执行 Touch 任务。
     1>已完成生成项目“F:\tzpRepository\opengl\oglpg-8th-edition\03\ch03_pointsprites\ch03_pointsprites.vcxproj”(build 个目标)的操作。

生成成功。

已用时间 00:00:00.93
