生成启动时间为 2015/9/15 15:28:33。
     1>项目“F:\tzpRepository\opengl\oglpg-8th-edition\10\ch10_viewport_array\ch10_viewport_array.vcxproj”在节点 2 上(build 个目标)。
     1>InitializeBuildStatus:
         正在创建“Debug\ch10_viewport_array.unsuccessfulbuild”，因为已指定“AlwaysCreate”。
       ClCompile:
         D:\VS2010\VC\bin\CL.exe /c /I..\..\include /ZI /nologo /W3 /WX- /Od /Oy- /D WIN32 /D _DEBUG /D _CONSOLE /D _UNICODE /D UNICODE /Gm /EHsc /RTC1 /MDd /GS /fp:precise /Zc:wchar_t /Zc:forScope /Fo"Debug\\" /Fd"Debug\vc100.pdb" /Gd /TP /analyze- /errorReport:prompt ch10_viewport_array.cpp vbm.cpp
         vbm.cpp
     1>f:\tzprepository\opengl\oglpg-8th-edition\10\ch10_viewport_array\vbm.cpp(25): warning C4996: 'fopen': This function or variable may be unsafe. Consider using fopen_s instead. To disable deprecation, use _CRT_SECURE_NO_WARNINGS. See online help for details.
                 d:\vs2010\vc\include\stdio.h(234) : 参见“fopen”的声明
         ch10_viewport_array.cpp
         正在生成代码...
       Link:
         D:\VS2010\VC\bin\link.exe /ERRORREPORT:PROMPT /OUT:"F:\tzpRepository\opengl\oglpg-8th-edition\10\ch10_viewport_array\Debug\ch10_viewport_array.exe" /INCREMENTAL /NOLOGO /LIBPATH:..\..\lib qtmaind.lib QtCore4.lib QtGui4.lib opencv_calib3d249.lib opencv_contrib249.lib opencv_core249.lib opencv_features2d249.lib opencv_flann249.lib opencv_gpu249.lib opencv_highgui249.lib opencv_imgproc249.lib opencv_legacy249.lib opencv_ml249.lib opencv_objdetect249.lib opencv_ts249.lib opencv_video249.lib kernel32.lib user32.lib gdi32.lib winspool.lib comdlg32.lib advapi32.lib shell32.lib ole32.lib oleaut32.lib uuid.lib odbc32.lib odbccp32.lib /MANIFEST /ManifestFile:"Debug\ch10_viewport_array.exe.intermediate.manifest" /MANIFESTUAC:"level='asInvoker' uiAccess='false'" /DEBUG /PDB:"F:\tzpRepository\opengl\oglpg-8th-edition\10\ch10_viewport_array\Debug\ch10_viewport_array.pdb" /SUBSYSTEM:CONSOLE /TLBID:1 /DYNAMICBASE /NXCOMPAT /IMPLIB:"F:\tzpRepository\opengl\oglpg-8th-edition\10\ch10_viewport_array\Debug\ch10_viewport_array.lib" /MACHINE:X86 Debug\ch10_viewport_array.obj
         Debug\vbm.obj
     1>LINK : warning LNK4098: 默认库“LIBCMTD”与其他库的使用冲突；请使用 /NODEFAULTLIB:library
     1>glew_static_vs2010_d.lib(glew.obj) : warning LNK4204: “F:\tzpRepository\opengl\oglpg-8th-edition\10\ch10_viewport_array\Debug\vc100.pdb”缺少引用模块的调试信息；正在链接对象，如同没有调试信息一样
     1>freeglut_static_vs2010_d.lib(freeglut_callbacks.obj) : warning LNK4204: “F:\tzpRepository\opengl\oglpg-8th-edition\10\ch10_viewport_array\Debug\vc100.pdb”缺少引用模块的调试信息；正在链接对象，如同没有调试信息一样
     1>freeglut_static_vs2010_d.lib(freeglut_cursor.obj) : warning LNK4204: “F:\tzpRepository\opengl\oglpg-8th-edition\10\ch10_viewport_array\Debug\vc100.pdb”缺少引用模块的调试信息；正在链接对象，如同没有调试信息一样
     1>freeglut_static_vs2010_d.lib(freeglut_display.obj) : warning LNK4204: “F:\tzpRepository\opengl\oglpg-8th-edition\10\ch10_viewport_array\Debug\vc100.pdb”缺少引用模块的调试信息；正在链接对象，如同没有调试信息一样
     1>freeglut_static_vs2010_d.lib(freeglut_font.obj) : warning LNK4204: “F:\tzpRepository\opengl\oglpg-8th-edition\10\ch10_viewport_array\Debug\vc100.pdb”缺少引用模块的调试信息；正在链接对象，如同没有调试信息一样
     1>freeglut_static_vs2010_d.lib(freeglut_font_data.obj) : warning LNK4204: “F:\tzpRepository\opengl\oglpg-8th-edition\10\ch10_viewport_array\Debug\vc100.pdb”缺少引用模块的调试信息；正在链接对象，如同没有调试信息一样
     1>freeglut_static_vs2010_d.lib(freeglut_init.obj) : warning LNK4204: “F:\tzpRepository\opengl\oglpg-8th-edition\10\ch10_viewport_array\Debug\vc100.pdb”缺少引用模块的调试信息；正在链接对象，如同没有调试信息一样
     1>freeglut_static_vs2010_d.lib(freeglut_input_devices.obj) : warning LNK4204: “F:\tzpRepository\opengl\oglpg-8th-edition\10\ch10_viewport_array\Debug\vc100.pdb”缺少引用模块的调试信息；正在链接对象，如同没有调试信息一样
     1>freeglut_static_vs2010_d.lib(freeglut_joystick.obj) : warning LNK4204: “F:\tzpRepository\opengl\oglpg-8th-edition\10\ch10_viewport_array\Debug\vc100.pdb”缺少引用模块的调试信息；正在链接对象，如同没有调试信息一样
     1>freeglut_static_vs2010_d.lib(freeglut_main.obj) : warning LNK4204: “F:\tzpRepository\opengl\oglpg-8th-edition\10\ch10_viewport_array\Debug\vc100.pdb”缺少引用模块的调试信息；正在链接对象，如同没有调试信息一样
     1>freeglut_static_vs2010_d.lib(freeglut_menu.obj) : warning LNK4204: “F:\tzpRepository\opengl\oglpg-8th-edition\10\ch10_viewport_array\Debug\vc100.pdb”缺少引用模块的调试信息；正在链接对象，如同没有调试信息一样
     1>freeglut_static_vs2010_d.lib(freeglut_spaceball.obj) : warning LNK4204: “F:\tzpRepository\opengl\oglpg-8th-edition\10\ch10_viewport_array\Debug\vc100.pdb”缺少引用模块的调试信息；正在链接对象，如同没有调试信息一样
     1>freeglut_static_vs2010_d.lib(freeglut_state.obj) : warning LNK4204: “F:\tzpRepository\opengl\oglpg-8th-edition\10\ch10_viewport_array\Debug\vc100.pdb”缺少引用模块的调试信息；正在链接对象，如同没有调试信息一样
     1>freeglut_static_vs2010_d.lib(freeglut_stroke_mono_roman.obj) : warning LNK4204: “F:\tzpRepository\opengl\oglpg-8th-edition\10\ch10_viewport_array\Debug\vc100.pdb”缺少引用模块的调试信息；正在链接对象，如同没有调试信息一样
     1>freeglut_static_vs2010_d.lib(freeglut_stroke_roman.obj) : warning LNK4204: “F:\tzpRepository\opengl\oglpg-8th-edition\10\ch10_viewport_array\Debug\vc100.pdb”缺少引用模块的调试信息；正在链接对象，如同没有调试信息一样
     1>freeglut_static_vs2010_d.lib(freeglut_structure.obj) : warning LNK4204: “F:\tzpRepository\opengl\oglpg-8th-edition\10\ch10_viewport_array\Debug\vc100.pdb”缺少引用模块的调试信息；正在链接对象，如同没有调试信息一样
     1>freeglut_static_vs2010_d.lib(freeglut_window.obj) : warning LNK4204: “F:\tzpRepository\opengl\oglpg-8th-edition\10\ch10_viewport_array\Debug\vc100.pdb”缺少引用模块的调试信息；正在链接对象，如同没有调试信息一样
         ch10_viewport_array.vcxproj -> F:\tzpRepository\opengl\oglpg-8th-edition\10\ch10_viewport_array\Debug\ch10_viewport_array.exe
       Manifest:
         C:\Program Files (x86)\Microsoft SDKs\Windows\v7.0A\bin\mt.exe /nologo /verbose /out:"F:\tzpRepository\opengl\oglpg-8th-edition\10\ch10_viewport_array\Debug\ch10_viewport_array.exe.manifest" /manifest Debug\ch10_viewport_array.exe.intermediate.manifest
       FinalizeBuildStatus:
         正在删除文件“Debug\ch10_viewport_array.unsuccessfulbuild”。
         正在对“Debug\ch10_viewport_array.lastbuildstate”执行 Touch 任务。
     1>已完成生成项目“F:\tzpRepository\opengl\oglpg-8th-edition\10\ch10_viewport_array\ch10_viewport_array.vcxproj”(build 个目标)的操作。

生成成功。

已用时间 00:00:00.76
