生成启动时间为 2015/9/2 19:52:55。
     1>项目“E:\tzpGithub\GLredbook_code\03\ch03_instancing2\ch03_instancing2.vcxproj”在节点 2 上(build 个目标)。
     1>InitializeBuildStatus:
         正在创建“Debug\ch03_instancing2.unsuccessfulbuild”，因为已指定“AlwaysCreate”。
       ClCompile:
         D:\Microsoft Visual Studio 10.0\VC\bin\CL.exe /c /ZI /nologo /W3 /WX- /Od /Oy- /D WIN32 /D _DEBUG /D _CONSOLE /D _UNICODE /D UNICODE /Gm /EHsc /RTC1 /MTd /GS /fp:precise /Zc:wchar_t /Zc:forScope /Fo"Debug\\" /Fd"Debug\vc100.pdb" /Gd /TP /analyze- /errorReport:prompt ch03_instancing2.cpp
         ch03_instancing2.cpp
       Link:
         D:\Microsoft Visual Studio 10.0\VC\bin\link.exe /ERRORREPORT:PROMPT /OUT:"E:\tzpGithub\GLredbook_code\03\Debug\ch03_instancing2.exe" /INCREMENTAL /NOLOGO kernel32.lib user32.lib gdi32.lib winspool.lib comdlg32.lib advapi32.lib shell32.lib ole32.lib oleaut32.lib uuid.lib odbc32.lib odbccp32.lib /NODEFAULTLIB:MSVCRTD.lib /MANIFEST /ManifestFile:"Debug\ch03_instancing2.exe.intermediate.manifest" /MANIFESTUAC:"level='asInvoker' uiAccess='false'" /DEBUG /PDB:"E:\tzpGithub\GLredbook_code\03\Debug\ch03_instancing2.pdb" /SUBSYSTEM:CONSOLE /TLBID:1 /DYNAMICBASE /NXCOMPAT /IMPLIB:"E:\tzpGithub\GLredbook_code\03\Debug\ch03_instancing2.lib" /MACHINE:X86 Debug\LoadShaders.obj
         Debug\ch03_instancing2.obj
         Debug\vbm.obj
         ch03_instancing2.vcxproj -> E:\tzpGithub\GLredbook_code\03\Debug\ch03_instancing2.exe
       Manifest:
         C:\Program Files (x86)\Microsoft SDKs\Windows\v7.0A\bin\mt.exe /nologo /verbose /out:"E:\tzpGithub\GLredbook_code\03\Debug\ch03_instancing2.exe.manifest" /manifest Debug\ch03_instancing2.exe.intermediate.manifest
       FinalizeBuildStatus:
         正在删除文件“Debug\ch03_instancing2.unsuccessfulbuild”。
         正在对“Debug\ch03_instancing2.lastbuildstate”执行 Touch 任务。
     1>已完成生成项目“E:\tzpGithub\GLredbook_code\03\ch03_instancing2\ch03_instancing2.vcxproj”(build 个目标)的操作。

生成成功。

已用时间 00:00:00.85
